<?xml version="1.0" encoding="UTF-8"?>
<!-- Generated by org.testng.reporters.JUnitReportReporter -->
<testsuite hostname="Lenovo" name="Deflt.TestNG" tests="1" failures="0" timestamp="31 Oct 2016 07:08:08 GMT" time="0.042" errors="0">
  <testcase name="Test" time="0.042" classname="Deflt.TestNG"/>
</testsuite> <!-- Deflt.TestNG -->
