<?xml version="1.0" encoding="UTF-8"?>
<!-- Generated by org.testng.reporters.JUnitReportReporter -->
<testsuite hostname="Lenovo" name="Deflt.mainpgm" tests="2" failures="0" timestamp="31 Oct 2016 11:35:26 GMT" time="139.211" errors="0">
  <testcase name="ValidLoginTest" time="0.028" classname="Deflt.mainpgm"/>
  <testcase name="InvalidValidLoginTest" time="139.183" classname="Deflt.mainpgm"/>
</testsuite> <!-- Deflt.mainpgm -->
