<?xml version="1.0" encoding="UTF-8"?>
<!-- Generated by org.testng.reporters.JUnitReportReporter -->
<testsuite hostname="Lenovo" name="mainPgm.SmokeTest" tests="3" failures="0" timestamp="22 Nov 2016 20:26:39 GMT" time="54.550" errors="0">
  <testcase name="Registration" time="1.034" classname="mainPgm.SmokeTest"/>
  <testcase name="getStarted" time="23.406" classname="mainPgm.SmokeTest"/>
  <testcase name="Install" time="30.110" classname="mainPgm.SmokeTest"/>
</testsuite> <!-- mainPgm.SmokeTest -->
